<?xml version="1.0" encoding="UTF-8"?>
<coverage generated="1728123644452" clover="3.2.0">
  <project timestamp="1728123644452" name="All files">
    <metrics statements="215" coveredstatements="192" conditionals="114" coveredconditionals="88" methods="66" coveredmethods="38" elements="395" coveredelements="318" complexity="0" loc="215" ncloc="215" packages="2" files="5" classes="5"/>
    <package name="src">
      <metrics statements="213" coveredstatements="190" conditionals="114" coveredconditionals="88" methods="66" coveredmethods="38"/>
      <file name="codegen.ts" path="/home/runner/work/jit-router/jit-router/src/codegen.ts">
        <metrics statements="10" coveredstatements="10" conditionals="1" coveredconditionals="1" methods="4" coveredmethods="3"/>
        <line num="1" count="6" type="stmt"/>
        <line num="2" count="6" type="stmt"/>
        <line num="7" count="6" type="stmt"/>
        <line num="11" count="7" type="stmt"/>
        <line num="19" count="6" type="stmt"/>
        <line num="21" count="151" type="stmt"/>
        <line num="22" count="151" type="stmt"/>
        <line num="23" count="151" type="cond" truecount="1" falsecount="0"/>
        <line num="27" count="144" type="stmt"/>
        <line num="28" count="144" type="stmt"/>
      </file>
      <file name="router.ts" path="/home/runner/work/jit-router/jit-router/src/router.ts">
        <metrics statements="66" coveredstatements="57" conditionals="28" coveredconditionals="22" methods="24" coveredmethods="11"/>
        <line num="1" count="6" type="stmt"/>
        <line num="2" count="6" type="stmt"/>
        <line num="4" count="6" type="stmt"/>
        <line num="5" count="6" type="stmt"/>
        <line num="6" count="6" type="stmt"/>
        <line num="13" count="6" type="stmt"/>
        <line num="14" count="7" type="stmt"/>
        <line num="16" count="7" type="cond" truecount="1" falsecount="0"/>
        <line num="19" count="81" type="stmt"/>
        <line num="20" count="81" type="stmt"/>
        <line num="24" count="0" type="stmt"/>
        <line num="28" count="7" type="stmt"/>
        <line num="29" count="7" type="stmt"/>
        <line num="30" count="81" type="stmt"/>
        <line num="31" count="82" type="stmt"/>
        <line num="34" count="7" type="stmt"/>
        <line num="38" count="7" type="stmt"/>
        <line num="39" count="7" type="stmt"/>
        <line num="40" count="7" type="stmt"/>
        <line num="41" count="7" type="stmt"/>
        <line num="42" count="7" type="stmt"/>
        <line num="46" count="0" type="stmt"/>
        <line num="50" count="0" type="stmt"/>
        <line num="53" count="0" type="stmt"/>
        <line num="55" count="0" type="stmt"/>
        <line num="56" count="0" type="stmt"/>
        <line num="62" count="6" type="stmt"/>
        <line num="64" count="93" type="cond" truecount="2" falsecount="0"/>
        <line num="65" count="93" type="stmt"/>
        <line num="71" count="93" type="stmt"/>
        <line num="72" count="93" type="stmt"/>
        <line num="74" count="93" type="stmt"/>
        <line num="78" count="0" type="stmt"/>
        <line num="84" count="0" type="stmt"/>
        <line num="90" count="6" type="stmt"/>
        <line num="92" count="94" type="stmt"/>
        <line num="93" count="94" type="stmt"/>
        <line num="94" count="94" type="stmt"/>
        <line num="95" count="94" type="cond" truecount="2" falsecount="0"/>
        <line num="96" count="109" type="stmt"/>
        <line num="97" count="109" type="cond" truecount="1" falsecount="0"/>
        <line num="98" count="109" type="stmt"/>
        <line num="99" count="109" type="stmt"/>
        <line num="101" count="94" type="cond" truecount="1" falsecount="0"/>
        <line num="102" count="94" type="stmt"/>
        <line num="103" count="94" type="stmt"/>
        <line num="104" count="94" type="stmt"/>
        <line num="105" count="252" type="stmt"/>
        <line num="106" count="252" type="cond" truecount="2" falsecount="0"/>
        <line num="107" count="252" type="cond" truecount="2" falsecount="0"/>
        <line num="108" count="109" type="stmt"/>
        <line num="109" count="109" type="cond" truecount="2" falsecount="1"/>
        <line num="110" count="109" type="cond" truecount="4" falsecount="0"/>
        <line num="111" count="98" type="stmt"/>
        <line num="112" count="98" type="cond" truecount="4" falsecount="0"/>
        <line num="114" count="11" type="stmt"/>
        <line num="117" count="143" type="stmt"/>
        <line num="120" count="94" type="stmt"/>
        <line num="123" count="94" type="stmt"/>
        <line num="126" count="12" type="stmt"/>
        <line num="127" count="31" type="stmt"/>
        <line num="128" count="12" type="stmt"/>
        <line num="132" count="0" type="stmt"/>
        <line num="136" count="6" type="stmt"/>
        <line num="138" count="93" type="stmt"/>
        <line num="139" count="93" type="stmt"/>
      </file>
      <file name="steps.ts" path="/home/runner/work/jit-router/jit-router/src/steps.ts">
        <metrics statements="15" coveredstatements="15" conditionals="8" coveredconditionals="5" methods="6" coveredmethods="6"/>
        <line num="1" count="6" type="stmt"/>
        <line num="2" count="143" type="stmt"/>
        <line num="5" count="17" type="stmt"/>
        <line num="9" count="6" type="stmt"/>
        <line num="11" count="98" type="stmt"/>
        <line num="12" count="98" type="stmt"/>
        <line num="16" count="8" type="cond" truecount="1" falsecount="1"/>
        <line num="17" count="8" type="stmt"/>
        <line num="21" count="6" type="stmt"/>
        <line num="23" count="11" type="stmt"/>
        <line num="24" count="11" type="stmt"/>
        <line num="25" count="11" type="stmt"/>
        <line num="29" count="6" type="cond" truecount="2" falsecount="2"/>
        <line num="30" count="6" type="cond" truecount="2" falsecount="0"/>
        <line num="31" count="6" type="stmt"/>
      </file>
      <file name="tree.ts" path="/home/runner/work/jit-router/jit-router/src/tree.ts">
        <metrics statements="122" coveredstatements="108" conditionals="77" coveredconditionals="60" methods="32" coveredmethods="18"/>
        <line num="1" count="6" type="stmt"/>
        <line num="2" count="6" type="stmt"/>
        <line num="4" count="6" type="stmt"/>
        <line num="7" count="6" type="stmt"/>
        <line num="8" count="6" type="stmt"/>
        <line num="10" count="6" type="stmt"/>
        <line num="11" count="78" type="stmt"/>
        <line num="14" count="6" type="stmt"/>
        <line num="15" count="121" type="stmt"/>
        <line num="16" count="121" type="stmt"/>
        <line num="17" count="121" type="stmt"/>
        <line num="18" count="121" type="stmt"/>
        <line num="22" count="221" type="stmt"/>
        <line num="23" count="221" type="stmt"/>
        <line num="24" count="221" type="cond" truecount="2" falsecount="0"/>
        <line num="25" count="126" type="cond" truecount="2" falsecount="0"/>
        <line num="26" count="35" type="cond" truecount="2" falsecount="0"/>
        <line num="27" count="35" type="stmt"/>
        <line num="28" count="35" type="stmt"/>
        <line num="30" count="91" type="stmt"/>
        <line num="31" count="91" type="cond" truecount="2" falsecount="0"/>
        <line num="33" count="53" type="stmt"/>
        <line num="34" count="53" type="stmt"/>
        <line num="35" count="53" type="stmt"/>
        <line num="38" count="95" type="cond" truecount="2" falsecount="0"/>
        <line num="39" count="90" type="stmt"/>
        <line num="40" count="45" type="cond" truecount="3" falsecount="0"/>
        <line num="42" count="90" type="cond" truecount="3" falsecount="0"/>
        <line num="43" count="59" type="stmt"/>
        <line num="44" count="59" type="stmt"/>
        <line num="46" count="90" type="cond" truecount="2" falsecount="0"/>
        <line num="47" count="45" type="stmt"/>
        <line num="49" count="45" type="stmt"/>
        <line num="51" count="5" type="cond" truecount="1" falsecount="0"/>
        <line num="52" count="5" type="cond" truecount="2" falsecount="0"/>
        <line num="53" count="2" type="stmt"/>
        <line num="55" count="3" type="stmt"/>
        <line num="57" count="2" type="cond" truecount="4" falsecount="0"/>
        <line num="62" count="3" type="cond" truecount="4" falsecount="0"/>
        <line num="63" count="1" type="stmt"/>
        <line num="65" count="2" type="stmt"/>
        <line num="66" count="2" type="stmt"/>
        <line num="67" count="2" type="stmt"/>
        <line num="74" count="90" type="stmt"/>
        <line num="75" count="90" type="cond" truecount="1" falsecount="0"/>
        <line num="76" count="16" type="cond" truecount="2" falsecount="0"/>
        <line num="77" count="3" type="stmt"/>
        <line num="79" count="9" type="stmt"/>
        <line num="82" count="9" type="stmt"/>
        <line num="85" count="18" type="stmt"/>
        <line num="86" count="18" type="stmt"/>
        <line num="93" count="13" type="stmt"/>
        <line num="94" count="17" type="stmt"/>
        <line num="95" count="17" type="stmt"/>
        <line num="96" count="17" type="stmt"/>
        <line num="98" count="17" type="stmt"/>
        <line num="104" count="90" type="cond" truecount="1" falsecount="0"/>
        <line num="105" count="7" type="stmt"/>
        <line num="107" count="90" type="stmt"/>
        <line num="108" count="151" type="stmt"/>
        <line num="109" count="151" type="stmt"/>
        <line num="110" count="151" type="stmt"/>
        <line num="111" count="151" type="cond" truecount="2" falsecount="0"/>
        <line num="112" count="151" type="stmt"/>
        <line num="113" count="61" type="stmt"/>
        <line num="115" count="151" type="stmt"/>
        <line num="116" count="151" type="cond" truecount="1" falsecount="0"/>
        <line num="117" count="53" type="stmt"/>
        <line num="120" count="151" type="cond" truecount="2" falsecount="0"/>
        <line num="121" count="61" type="stmt"/>
        <line num="122" count="90" type="stmt"/>
        <line num="124" count="90" type="stmt"/>
        <line num="125" count="90" type="cond" truecount="1" falsecount="0"/>
        <line num="126" count="52" type="stmt"/>
        <line num="127" count="59" type="cond" truecount="4" falsecount="0"/>
        <line num="128" count="7" type="stmt"/>
        <line num="129" count="7" type="cond" truecount="1" falsecount="0"/>
        <line num="130" count="7" type="stmt"/>
        <line num="135" count="52" type="stmt"/>
        <line num="136" count="52" type="cond" truecount="1" falsecount="0"/>
        <line num="137" count="38" type="stmt"/>
        <line num="138" count="38" type="stmt"/>
        <line num="139" count="38" type="cond" truecount="1" falsecount="0"/>
        <line num="140" count="38" type="stmt"/>
        <line num="143" count="52" type="cond" truecount="1" falsecount="0"/>
        <line num="149" count="28" type="stmt"/>
        <line num="150" count="28" type="cond" truecount="1" falsecount="0"/>
        <line num="151" count="28" type="stmt"/>
        <line num="152" count="28" type="cond" truecount="1" falsecount="0"/>
        <line num="158" count="90" type="cond" truecount="1" falsecount="0"/>
        <line num="159" count="3" type="stmt"/>
        <line num="160" count="4" type="stmt"/>
        <line num="161" count="4" type="stmt"/>
        <line num="162" count="4" type="cond" truecount="2" falsecount="0"/>
        <line num="163" count="4" type="stmt"/>
        <line num="164" count="4" type="stmt"/>
        <line num="165" count="4" type="cond" truecount="2" falsecount="0"/>
        <line num="166" count="2" type="stmt"/>
        <line num="167" count="2" type="stmt"/>
        <line num="168" count="2" type="stmt"/>
        <line num="169" count="2" type="cond" truecount="0" falsecount="1"/>
        <line num="170" count="2" type="stmt"/>
        <line num="173" count="2" type="stmt"/>
        <line num="174" count="2" type="stmt"/>
        <line num="175" count="2" type="stmt"/>
        <line num="176" count="2" type="cond" truecount="1" falsecount="0"/>
        <line num="177" count="2" type="stmt"/>
        <line num="178" count="2" type="cond" truecount="1" falsecount="0"/>
        <line num="186" count="0" type="stmt"/>
        <line num="192" count="0" type="stmt"/>
        <line num="197" count="0" type="stmt"/>
        <line num="198" count="0" type="stmt"/>
        <line num="203" count="0" type="stmt"/>
        <line num="204" count="0" type="stmt"/>
        <line num="211" count="0" type="cond" truecount="0" falsecount="2"/>
        <line num="212" count="0" type="cond" truecount="0" falsecount="2"/>
        <line num="216" count="0" type="stmt"/>
        <line num="221" count="0" type="stmt"/>
        <line num="222" count="0" type="cond" truecount="0" falsecount="2"/>
        <line num="228" count="0" type="stmt"/>
        <line num="233" count="0" type="stmt"/>
        <line num="234" count="0" type="cond" truecount="0" falsecount="2"/>
      </file>
    </package>
    <package name="src.__bench__">
      <metrics statements="2" coveredstatements="2" conditionals="0" coveredconditionals="0" methods="0" coveredmethods="0"/>
      <file name="routes.ts" path="/home/runner/work/jit-router/jit-router/src/__bench__/routes.ts">
        <metrics statements="2" coveredstatements="2" conditionals="0" coveredconditionals="0" methods="0" coveredmethods="0"/>
        <line num="5" count="1" type="stmt"/>
        <line num="65" count="1" type="stmt"/>
      </file>
    </package>
  </project>
</coverage>
