{"/home/runner/work/jit-router/jit-router/src/codegen.ts": {"path":"/home/runner/work/jit-router/jit-router/src/codegen.ts","statementMap":{"0":{"start":{"line":1,"column":0},"end":{"line":1,"column":54}},"1":{"start":{"line":2,"column":0},"end":{"line":2,"column":77}},"2":{"start":{"line":11,"column":4},"end":{"line":15,"column":7}},"3":{"start":{"line":7,"column":0},"end":{"line":7,"column":13}},"4":{"start":{"line":21,"column":20},"end":{"line":21,"column":39}},"5":{"start":{"line":22,"column":20},"end":{"line":22,"column":34}},"6":{"start":{"line":23,"column":20},"end":{"line":23,"column":36}},"7":{"start":{"line":27,"column":18},"end":{"line":27,"column":64}},"8":{"start":{"line":27,"column":41},"end":{"line":27,"column":63}},"9":{"start":{"line":28,"column":4},"end":{"line":28,"column":64}},"10":{"start":{"line":19,"column":0},"end":{"line":19,"column":13}}},"fnMap":{"0":{"name":"(anonymous_0)","decl":{"start":{"line":10,"column":2},"end":{"line":10,"column":null}},"loc":{"start":{"line":10,"column":2},"end":{"line":16,"column":3}}},"1":{"name":"(anonymous_1)","decl":{"start":{"line":20,"column":2},"end":{"line":20,"column":null}},"loc":{"start":{"line":23,"column":37},"end":{"line":24,"column":6}}},"2":{"name":"(anonymous_2)","decl":{"start":{"line":26,"column":9},"end":{"line":26,"column":15}},"loc":{"start":{"line":26,"column":30},"end":{"line":29,"column":3}}},"3":{"name":"(anonymous_3)","decl":{"start":{"line":27,"column":35},"end":{"line":27,"column":38}},"loc":{"start":{"line":27,"column":41},"end":{"line":27,"column":63}}}},"branchMap":{"0":{"loc":{"start":{"line":23,"column":20},"end":{"line":23,"column":37}},"type":"default-arg","locations":[{"start":{"line":23,"column":36},"end":{"line":23,"column":37}}]}},"s":{"0":6,"1":6,"2":7,"3":6,"4":151,"5":151,"6":151,"7":144,"8":0,"9":144,"10":6},"f":{"0":7,"1":151,"2":144,"3":0},"b":{"0":[7]}}
,"/home/runner/work/jit-router/jit-router/src/router.ts": {"path":"/home/runner/work/jit-router/jit-router/src/router.ts","statementMap":{"0":{"start":{"line":1,"column":0},"end":{"line":1,"column":77}},"1":{"start":{"line":2,"column":0},"end":{"line":2,"column":59}},"2":{"start":{"line":4,"column":0},"end":{"line":4,"column":76}},"3":{"start":{"line":5,"column":0},"end":{"line":5,"column":56}},"4":{"start":{"line":6,"column":0},"end":{"line":6,"column":39}},"5":{"start":{"line":16,"column":30},"end":{"line":16,"column":55}},"6":{"start":{"line":14,"column":18},"end":{"line":14,"column":51}},"7":{"start":{"line":19,"column":24},"end":{"line":19,"column":80}},"8":{"start":{"line":20,"column":4},"end":{"line":20,"column":40}},"9":{"start":{"line":24,"column":4},"end":{"line":24,"column":40}},"10":{"start":{"line":28,"column":17},"end":{"line":28,"column":38}},"11":{"start":{"line":29,"column":4},"end":{"line":33,"column":5}},"12":{"start":{"line":30,"column":6},"end":{"line":32,"column":7}},"13":{"start":{"line":31,"column":8},"end":{"line":31,"column":40}},"14":{"start":{"line":34,"column":4},"end":{"line":34,"column":16}},"15":{"start":{"line":38,"column":16},"end":{"line":38,"column":38}},"16":{"start":{"line":39,"column":17},"end":{"line":39,"column":74}},"17":{"start":{"line":39,"column":62},"end":{"line":39,"column":67}},"18":{"start":{"line":40,"column":17},"end":{"line":40,"column":28}},"19":{"start":{"line":41,"column":4},"end":{"line":41,"column":28}},"20":{"start":{"line":42,"column":4},"end":{"line":42,"column":55}},"21":{"start":{"line":46,"column":4},"end":{"line":58,"column":6}},"22":{"start":{"line":50,"column":10},"end":{"line":53,"column":null}},"23":{"start":{"line":53,"column":44},"end":{"line":53,"column":87}},"24":{"start":{"line":53,"column":53},"end":{"line":53,"column":87}},"25":{"start":{"line":55,"column":14},"end":{"line":55,"column":16}},"26":{"start":{"line":56,"column":17},"end":{"line":56,"column":85}},"27":{"start":{"line":56,"column":58},"end":{"line":56,"column":83}},"28":{"start":{"line":13,"column":0},"end":{"line":13,"column":13}},"29":{"start":{"line":64,"column":19},"end":{"line":64,"column":108}},"30":{"start":{"line":64,"column":94},"end":{"line":64,"column":107}},"31":{"start":{"line":65,"column":4},"end":{"line":65,"column":41}},"32":{"start":{"line":71,"column":20},"end":{"line":71,"column":35}},"33":{"start":{"line":72,"column":20},"end":{"line":72,"column":33}},"34":{"start":{"line":74,"column":4},"end":{"line":74,"column":37}},"35":{"start":{"line":78,"column":4},"end":{"line":86,"column":6}},"36":{"start":{"line":84,"column":35},"end":{"line":84,"column":59}},"37":{"start":{"line":84,"column":44},"end":{"line":84,"column":59}},"38":{"start":{"line":62,"column":0},"end":{"line":62,"column":13}},"39":{"start":{"line":92,"column":29},"end":{"line":92,"column":31}},"40":{"start":{"line":93,"column":20},"end":{"line":93,"column":44}},"41":{"start":{"line":94,"column":12},"end":{"line":94,"column":13}},"42":{"start":{"line":95,"column":4},"end":{"line":100,"column":5}},"43":{"start":{"line":96,"column":20},"end":{"line":96,"column":38}},"44":{"start":{"line":97,"column":6},"end":{"line":97,"column":58}},"45":{"start":{"line":97,"column":21},"end":{"line":97,"column":58}},"46":{"start":{"line":98,"column":6},"end":{"line":98,"column":25}},"47":{"start":{"line":99,"column":6},"end":{"line":99,"column":31}},"48":{"start":{"line":101,"column":4},"end":{"line":101,"column":54}},"49":{"start":{"line":101,"column":24},"end":{"line":101,"column":54}},"50":{"start":{"line":102,"column":26},"end":{"line":102,"column":28}},"51":{"start":{"line":103,"column":19},"end":{"line":103,"column":32}},"52":{"start":{"line":104,"column":4},"end":{"line":119,"column":5}},"53":{"start":{"line":104,"column":17},"end":{"line":104,"column":18}},"54":{"start":{"line":105,"column":20},"end":{"line":105,"column":29}},"55":{"start":{"line":106,"column":26},"end":{"line":106,"column":70}},"56":{"start":{"line":107,"column":6},"end":{"line":118,"column":7}},"57":{"start":{"line":108,"column":24},"end":{"line":108,"column":60}},"58":{"start":{"line":109,"column":52},"end":{"line":109,"column":70}},"59":{"start":{"line":110,"column":8},"end":{"line":115,"column":9}},"60":{"start":{"line":111,"column":23},"end":{"line":111,"column":36}},"61":{"start":{"line":112,"column":10},"end":{"line":112,"column":84}},"62":{"start":{"line":114,"column":10},"end":{"line":114,"column":56}},"63":{"start":{"line":117,"column":8},"end":{"line":117,"column":41}},"64":{"start":{"line":120,"column":4},"end":{"line":120,"column":28}},"65":{"start":{"line":123,"column":30},"end":{"line":123,"column":43}},"66":{"start":{"line":126,"column":14},"end":{"line":126,"column":16}},"67":{"start":{"line":127,"column":4},"end":{"line":127,"column":68}},"68":{"start":{"line":127,"column":35},"end":{"line":127,"column":68}},"69":{"start":{"line":128,"column":4},"end":{"line":128,"column":15}},"70":{"start":{"line":132,"column":4},"end":{"line":132,"column":25}},"71":{"start":{"line":90,"column":0},"end":{"line":90,"column":13}},"72":{"start":{"line":138,"column":20},"end":{"line":138,"column":30}},"73":{"start":{"line":139,"column":11},"end":{"line":139,"column":34}},"74":{"start":{"line":136,"column":0},"end":{"line":136,"column":13}}},"fnMap":{"0":{"name":"(anonymous_0)","decl":{"start":{"line":16,"column":2},"end":{"line":16,"column":30}},"loc":{"start":{"line":16,"column":57},"end":{"line":16,"column":61}}},"1":{"name":"(anonymous_1)","decl":{"start":{"line":18,"column":9},"end":{"line":18,"column":12}},"loc":{"start":{"line":18,"column":49},"end":{"line":21,"column":3}}},"2":{"name":"(anonymous_2)","decl":{"start":{"line":23,"column":9},"end":{"line":23,"column":23}},"loc":{"start":{"line":23,"column":48},"end":{"line":25,"column":3}}},"3":{"name":"(anonymous_3)","decl":{"start":{"line":27,"column":9},"end":{"line":27,"column":13}},"loc":{"start":{"line":27,"column":13},"end":{"line":35,"column":3}}},"4":{"name":"(anonymous_4)","decl":{"start":{"line":37,"column":9},"end":{"line":37,"column":16}},"loc":{"start":{"line":37,"column":16},"end":{"line":43,"column":3}}},"5":{"name":"(anonymous_5)","decl":{"start":{"line":39,"column":56},"end":{"line":39,"column":59}},"loc":{"start":{"line":39,"column":62},"end":{"line":39,"column":67}}},"6":{"name":"(anonymous_6)","decl":{"start":{"line":45,"column":9},"end":{"line":45,"column":17}},"loc":{"start":{"line":45,"column":34},"end":{"line":59,"column":3}}},"7":{"name":"(anonymous_7)","decl":{"start":{"line":49,"column":8},"end":{"line":49,"column":9}},"loc":{"start":{"line":50,"column":10},"end":{"line":53,"column":null}}},"8":{"name":"(anonymous_8)","decl":{"start":{"line":53,"column":34},"end":{"line":53,"column":35}},"loc":{"start":{"line":53,"column":44},"end":{"line":53,"column":87}}},"9":{"name":"(anonymous_9)","decl":{"start":{"line":53,"column":44},"end":{"line":53,"column":45}},"loc":{"start":{"line":53,"column":53},"end":{"line":53,"column":87}}},"10":{"name":"(anonymous_10)","decl":{"start":{"line":55,"column":8},"end":{"line":55,"column":11}},"loc":{"start":{"line":55,"column":14},"end":{"line":55,"column":16}}},"11":{"name":"(anonymous_11)","decl":{"start":{"line":56,"column":8},"end":{"line":56,"column":9}},"loc":{"start":{"line":56,"column":17},"end":{"line":56,"column":85}}},"12":{"name":"(anonymous_12)","decl":{"start":{"line":56,"column":49},"end":{"line":56,"column":50}},"loc":{"start":{"line":56,"column":58},"end":{"line":56,"column":83}}},"13":{"name":"(anonymous_13)","decl":{"start":{"line":63,"column":9},"end":{"line":63,"column":15}},"loc":{"start":{"line":63,"column":81},"end":{"line":66,"column":3}}},"14":{"name":"(anonymous_14)","decl":{"start":{"line":64,"column":87},"end":{"line":64,"column":88}},"loc":{"start":{"line":64,"column":94},"end":{"line":64,"column":107}}},"15":{"name":"(anonymous_15)","decl":{"start":{"line":70,"column":2},"end":{"line":70,"column":null}},"loc":{"start":{"line":72,"column":33},"end":{"line":75,"column":3}}},"16":{"name":"(anonymous_16)","decl":{"start":{"line":77,"column":9},"end":{"line":77,"column":17}},"loc":{"start":{"line":77,"column":34},"end":{"line":87,"column":3}}},"17":{"name":"(anonymous_17)","decl":{"start":{"line":84,"column":28},"end":{"line":84,"column":29}},"loc":{"start":{"line":84,"column":35},"end":{"line":84,"column":59}}},"18":{"name":"(anonymous_18)","decl":{"start":{"line":84,"column":35},"end":{"line":84,"column":36}},"loc":{"start":{"line":84,"column":44},"end":{"line":84,"column":59}}},"19":{"name":"(anonymous_19)","decl":{"start":{"line":91,"column":9},"end":{"line":91,"column":15}},"loc":{"start":{"line":91,"column":52},"end":{"line":121,"column":3}}},"20":{"name":"(anonymous_20)","decl":{"start":{"line":123,"column":2},"end":{"line":123,"column":30}},"loc":{"start":{"line":123,"column":43},"end":{"line":123,"column":47}}},"21":{"name":"(anonymous_21)","decl":{"start":{"line":125,"column":9},"end":{"line":125,"column":15}},"loc":{"start":{"line":125,"column":15},"end":{"line":129,"column":3}}},"22":{"name":"(anonymous_22)","decl":{"start":{"line":131,"column":9},"end":{"line":131,"column":17}},"loc":{"start":{"line":131,"column":34},"end":{"line":133,"column":3}}},"23":{"name":"(anonymous_23)","decl":{"start":{"line":137,"column":2},"end":{"line":137,"column":null}},"loc":{"start":{"line":139,"column":34},"end":{"line":140,"column":6}}}},"branchMap":{"0":{"loc":{"start":{"line":16,"column":30},"end":{"line":16,"column":57}},"type":"default-arg","locations":[{"start":{"line":16,"column":55},"end":{"line":16,"column":57}}]},"1":{"loc":{"start":{"line":45,"column":18},"end":{"line":45,"column":34}},"type":"default-arg","locations":[{"start":{"line":45,"column":32},"end":{"line":45,"column":34}}]},"2":{"loc":{"start":{"line":64,"column":19},"end":{"line":64,"column":108}},"type":"cond-expr","locations":[{"start":{"line":64,"column":45},"end":{"line":64,"column":76}},{"start":{"line":64,"column":79},"end":{"line":64,"column":108}}]},"3":{"loc":{"start":{"line":77,"column":18},"end":{"line":77,"column":34}},"type":"default-arg","locations":[{"start":{"line":77,"column":32},"end":{"line":77,"column":34}}]},"4":{"loc":{"start":{"line":80,"column":7},"end":{"line":84,"column":null}},"type":"cond-expr","locations":[{"start":{"line":81,"column":10},"end":{"line":81,"column":38}},{"start":{"line":82,"column":10},"end":{"line":84,"column":null}}]},"5":{"loc":{"start":{"line":91,"column":34},"end":{"line":91,"column":52}},"type":"default-arg","locations":[{"start":{"line":91,"column":49},"end":{"line":91,"column":52}}]},"6":{"loc":{"start":{"line":95,"column":24},"end":{"line":95,"column":37}},"type":"binary-expr","locations":[{"start":{"line":95,"column":24},"end":{"line":95,"column":31}},{"start":{"line":95,"column":35},"end":{"line":95,"column":37}}]},"7":{"loc":{"start":{"line":97,"column":6},"end":{"line":97,"column":58}},"type":"if","locations":[{"start":{"line":97,"column":6},"end":{"line":97,"column":58}}]},"8":{"loc":{"start":{"line":101,"column":4},"end":{"line":101,"column":54}},"type":"if","locations":[{"start":{"line":101,"column":4},"end":{"line":101,"column":54}}]},"9":{"loc":{"start":{"line":106,"column":26},"end":{"line":106,"column":70}},"type":"binary-expr","locations":[{"start":{"line":106,"column":26},"end":{"line":106,"column":47}},{"start":{"line":106,"column":51},"end":{"line":106,"column":70}}]},"10":{"loc":{"start":{"line":107,"column":6},"end":{"line":118,"column":7}},"type":"if","locations":[{"start":{"line":107,"column":6},"end":{"line":118,"column":7}},{"start":{"line":116,"column":13},"end":{"line":118,"column":7}}]},"11":{"loc":{"start":{"line":109,"column":15},"end":{"line":109,"column":24}},"type":"default-arg","locations":[{"start":{"line":109,"column":22},"end":{"line":109,"column":24}}]},"12":{"loc":{"start":{"line":109,"column":26},"end":{"line":109,"column":36}},"type":"default-arg","locations":[{"start":{"line":109,"column":34},"end":{"line":109,"column":36}}]},"13":{"loc":{"start":{"line":109,"column":38},"end":{"line":109,"column":48}},"type":"default-arg","locations":[{"start":{"line":109,"column":46},"end":{"line":109,"column":48}}]},"14":{"loc":{"start":{"line":110,"column":8},"end":{"line":115,"column":9}},"type":"if","locations":[{"start":{"line":110,"column":8},"end":{"line":115,"column":9}},{"start":{"line":113,"column":15},"end":{"line":115,"column":9}}]},"15":{"loc":{"start":{"line":110,"column":12},"end":{"line":110,"column":35}},"type":"binary-expr","locations":[{"start":{"line":110,"column":12},"end":{"line":110,"column":18}},{"start":{"line":110,"column":22},"end":{"line":110,"column":35}}]},"16":{"loc":{"start":{"line":112,"column":41},"end":{"line":112,"column":81}},"type":"binary-expr","locations":[{"start":{"line":112,"column":41},"end":{"line":112,"column":46}},{"start":{"line":112,"column":51},"end":{"line":112,"column":80}}]},"17":{"loc":{"start":{"line":112,"column":51},"end":{"line":112,"column":80}},"type":"cond-expr","locations":[{"start":{"line":112,"column":58},"end":{"line":112,"column":65}},{"start":{"line":112,"column":68},"end":{"line":112,"column":80}}]},"18":{"loc":{"start":{"line":131,"column":18},"end":{"line":131,"column":34}},"type":"default-arg","locations":[{"start":{"line":131,"column":32},"end":{"line":131,"column":34}}]}},"s":{"0":6,"1":6,"2":6,"3":6,"4":6,"5":7,"6":7,"7":81,"8":81,"9":0,"10":7,"11":7,"12":81,"13":82,"14":7,"15":7,"16":7,"17":0,"18":7,"19":7,"20":7,"21":0,"22":0,"23":0,"24":0,"25":0,"26":0,"27":0,"28":6,"29":93,"30":2,"31":93,"32":93,"33":93,"34":93,"35":0,"36":0,"37":0,"38":6,"39":94,"40":94,"41":94,"42":94,"43":109,"44":109,"45":103,"46":109,"47":109,"48":94,"49":40,"50":94,"51":94,"52":94,"53":94,"54":252,"55":252,"56":252,"57":109,"58":109,"59":109,"60":98,"61":98,"62":11,"63":143,"64":94,"65":94,"66":12,"67":12,"68":31,"69":12,"70":0,"71":6,"72":93,"73":93,"74":6},"f":{"0":7,"1":81,"2":0,"3":7,"4":7,"5":0,"6":0,"7":0,"8":0,"9":0,"10":0,"11":0,"12":0,"13":93,"14":2,"15":93,"16":0,"17":0,"18":0,"19":94,"20":94,"21":12,"22":0,"23":93},"b":{"0":[6],"1":[0],"2":[92,1],"3":[0],"4":[0,0],"5":[93],"6":[94,20],"7":[103],"8":[40],"9":[252,109],"10":[109,143],"11":[0],"12":[88],"13":[98],"14":[98,11],"15":[109,12],"16":[98,90],"17":[47,43],"18":[0]}}
,"/home/runner/work/jit-router/jit-router/src/steps.ts": {"path":"/home/runner/work/jit-router/jit-router/src/steps.ts","statementMap":{"0":{"start":{"line":2,"column":30},"end":{"line":2,"column":42}},"1":{"start":{"line":5,"column":4},"end":{"line":5,"column":21}},"2":{"start":{"line":1,"column":0},"end":{"line":1,"column":13}},"3":{"start":{"line":11,"column":20},"end":{"line":11,"column":32}},"4":{"start":{"line":12,"column":20},"end":{"line":12,"column":33}},"5":{"start":{"line":16,"column":18},"end":{"line":16,"column":58}},"6":{"start":{"line":17,"column":4},"end":{"line":17,"column":38}},"7":{"start":{"line":9,"column":0},"end":{"line":9,"column":13}},"8":{"start":{"line":23,"column":20},"end":{"line":23,"column":32}},"9":{"start":{"line":24,"column":20},"end":{"line":24,"column":33}},"10":{"start":{"line":25,"column":20},"end":{"line":25,"column":33}},"11":{"start":{"line":29,"column":18},"end":{"line":29,"column":66}},"12":{"start":{"line":30,"column":18},"end":{"line":30,"column":52}},"13":{"start":{"line":31,"column":4},"end":{"line":31,"column":44}},"14":{"start":{"line":21,"column":0},"end":{"line":21,"column":13}}},"fnMap":{"0":{"name":"(anonymous_0)","decl":{"start":{"line":2,"column":2},"end":{"line":2,"column":30}},"loc":{"start":{"line":2,"column":42},"end":{"line":2,"column":46}}},"1":{"name":"(anonymous_1)","decl":{"start":{"line":4,"column":9},"end":{"line":4,"column":15}},"loc":{"start":{"line":4,"column":15},"end":{"line":6,"column":3}}},"2":{"name":"(anonymous_2)","decl":{"start":{"line":10,"column":2},"end":{"line":10,"column":null}},"loc":{"start":{"line":12,"column":33},"end":{"line":13,"column":6}}},"3":{"name":"(anonymous_3)","decl":{"start":{"line":15,"column":9},"end":{"line":15,"column":15}},"loc":{"start":{"line":15,"column":15},"end":{"line":18,"column":3}}},"4":{"name":"(anonymous_4)","decl":{"start":{"line":22,"column":2},"end":{"line":22,"column":null}},"loc":{"start":{"line":25,"column":33},"end":{"line":26,"column":6}}},"5":{"name":"(anonymous_5)","decl":{"start":{"line":28,"column":9},"end":{"line":28,"column":15}},"loc":{"start":{"line":28,"column":15},"end":{"line":32,"column":3}}}},"branchMap":{"0":{"loc":{"start":{"line":16,"column":18},"end":{"line":16,"column":58}},"type":"cond-expr","locations":[{"start":{"line":16,"column":40},"end":{"line":16,"column":45}},{"start":{"line":16,"column":48},"end":{"line":16,"column":58}}]},"1":{"loc":{"start":{"line":29,"column":18},"end":{"line":29,"column":66}},"type":"cond-expr","locations":[{"start":{"line":29,"column":45},"end":{"line":29,"column":61}},{"start":{"line":29,"column":64},"end":{"line":29,"column":66}}]},"2":{"loc":{"start":{"line":29,"column":18},"end":{"line":29,"column":42}},"type":"binary-expr","locations":[{"start":{"line":29,"column":18},"end":{"line":29,"column":28}},{"start":{"line":29,"column":32},"end":{"line":29,"column":42}}]},"3":{"loc":{"start":{"line":30,"column":18},"end":{"line":30,"column":52}},"type":"cond-expr","locations":[{"start":{"line":30,"column":31},"end":{"line":30,"column":47}},{"start":{"line":30,"column":50},"end":{"line":30,"column":52}}]}},"s":{"0":143,"1":17,"2":6,"3":98,"4":98,"5":8,"6":8,"7":6,"8":11,"9":11,"10":11,"11":6,"12":6,"13":6,"14":6},"f":{"0":143,"1":17,"2":98,"3":8,"4":11,"5":6},"b":{"0":[0,8],"1":[6,0],"2":[6,0],"3":[1,5]}}
,"/home/runner/work/jit-router/jit-router/src/tree.ts": {"path":"/home/runner/work/jit-router/jit-router/src/tree.ts","statementMap":{"0":{"start":{"line":1,"column":0},"end":{"line":1,"column":75}},"1":{"start":{"line":2,"column":0},"end":{"line":2,"column":59}},"2":{"start":{"line":4,"column":0},"end":{"line":4,"column":59}},"3":{"start":{"line":7,"column":0},"end":{"line":7,"column":44}},"4":{"start":{"line":8,"column":0},"end":{"line":8,"column":56}},"5":{"start":{"line":10,"column":31},"end":{"line":12,"column":1}},"6":{"start":{"line":11,"column":2},"end":{"line":11,"column":51}},"7":{"start":{"line":15,"column":18},"end":{"line":15,"column":96}},"8":{"start":{"line":16,"column":18},"end":{"line":16,"column":70}},"9":{"start":{"line":17,"column":18},"end":{"line":17,"column":80}},"10":{"start":{"line":18,"column":18},"end":{"line":18,"column":94}},"11":{"start":{"line":22,"column":19},"end":{"line":22,"column":50}},"12":{"start":{"line":23,"column":18},"end":{"line":23,"column":35}},"13":{"start":{"line":24,"column":4},"end":{"line":70,"column":5}},"14":{"start":{"line":25,"column":6},"end":{"line":37,"column":7}},"15":{"start":{"line":26,"column":22},"end":{"line":26,"column":61}},"16":{"start":{"line":27,"column":8},"end":{"line":27,"column":41}},"17":{"start":{"line":28,"column":8},"end":{"line":28,"column":49}},"18":{"start":{"line":30,"column":22},"end":{"line":30,"column":48}},"19":{"start":{"line":31,"column":8},"end":{"line":36,"column":9}},"20":{"start":{"line":31,"column":19},"end":{"line":31,"column":59}},"21":{"start":{"line":33,"column":23},"end":{"line":33,"column":44}},"22":{"start":{"line":34,"column":10},"end":{"line":34,"column":43}},"23":{"start":{"line":35,"column":10},"end":{"line":35,"column":49}},"24":{"start":{"line":38,"column":11},"end":{"line":70,"column":5}},"25":{"start":{"line":39,"column":79},"end":{"line":40,"column":null}},"26":{"start":{"line":40,"column":26},"end":{"line":40,"column":115}},"27":{"start":{"line":42,"column":6},"end":{"line":45,"column":7}},"28":{"start":{"line":43,"column":8},"end":{"line":43,"column":47}},"29":{"start":{"line":44,"column":8},"end":{"line":44,"column":31}},"30":{"start":{"line":46,"column":6},"end":{"line":50,"column":7}},"31":{"start":{"line":47,"column":8},"end":{"line":47,"column":35}},"32":{"start":{"line":49,"column":8},"end":{"line":49,"column":51}},"33":{"start":{"line":51,"column":11},"end":{"line":70,"column":5}},"34":{"start":{"line":52,"column":6},"end":{"line":69,"column":7}},"35":{"start":{"line":53,"column":8},"end":{"line":53,"column":46}},"36":{"start":{"line":55,"column":22},"end":{"line":60,"column":null}},"37":{"start":{"line":57,"column":12},"end":{"line":60,"column":43}},"38":{"start":{"line":62,"column":8},"end":{"line":68,"column":9}},"39":{"start":{"line":63,"column":10},"end":{"line":63,"column":53}},"40":{"start":{"line":65,"column":23},"end":{"line":65,"column":44}},"41":{"start":{"line":66,"column":10},"end":{"line":66,"column":41}},"42":{"start":{"line":67,"column":10},"end":{"line":67,"column":49}},"43":{"start":{"line":74,"column":17},"end":{"line":74,"column":28}},"44":{"start":{"line":75,"column":4},"end":{"line":103,"column":5}},"45":{"start":{"line":76,"column":6},"end":{"line":102,"column":7}},"46":{"start":{"line":77,"column":8},"end":{"line":91,"column":10}},"47":{"start":{"line":79,"column":58},"end":{"line":90,"column":12}},"48":{"start":{"line":82,"column":14},"end":{"line":88,"column":16}},"49":{"start":{"line":85,"column":28},"end":{"line":85,"column":66}},"50":{"start":{"line":86,"column":18},"end":{"line":86,"column":106}},"51":{"start":{"line":86,"column":59},"end":{"line":86,"column":98}},"52":{"start":{"line":93,"column":8},"end":{"line":101,"column":9}},"53":{"start":{"line":94,"column":10},"end":{"line":100,"column":11}},"54":{"start":{"line":95,"column":22},"end":{"line":95,"column":60}},"55":{"start":{"line":96,"column":12},"end":{"line":99,"column":14}},"56":{"start":{"line":98,"column":20},"end":{"line":98,"column":61}},"57":{"start":{"line":104,"column":4},"end":{"line":106,"column":5}},"58":{"start":{"line":105,"column":6},"end":{"line":105,"column":34}},"59":{"start":{"line":107,"column":30},"end":{"line":123,"column":5}},"60":{"start":{"line":108,"column":19},"end":{"line":108,"column":25}},"61":{"start":{"line":109,"column":21},"end":{"line":109,"column":32}},"62":{"start":{"line":110,"column":20},"end":{"line":119,"column":7}},"63":{"start":{"line":111,"column":23},"end":{"line":111,"column":84}},"64":{"start":{"line":112,"column":8},"end":{"line":114,"column":11}},"65":{"start":{"line":113,"column":10},"end":{"line":113,"column":56}},"66":{"start":{"line":115,"column":28},"end":{"line":115,"column":65}},"67":{"start":{"line":116,"column":8},"end":{"line":118,"column":9}},"68":{"start":{"line":117,"column":10},"end":{"line":117,"column":56}},"69":{"start":{"line":120,"column":6},"end":{"line":122,"column":21}},"70":{"start":{"line":121,"column":8},"end":{"line":121,"column":59}},"71":{"start":{"line":122,"column":13},"end":{"line":122,"column":21}},"72":{"start":{"line":124,"column":4},"end":{"line":124,"column":40}},"73":{"start":{"line":125,"column":4},"end":{"line":157,"column":5}},"74":{"start":{"line":126,"column":6},"end":{"line":156,"column":7}},"75":{"start":{"line":127,"column":8},"end":{"line":155,"column":9}},"76":{"start":{"line":128,"column":20},"end":{"line":128,"column":62}},"77":{"start":{"line":129,"column":10},"end":{"line":129,"column":81}},"78":{"start":{"line":129,"column":25},"end":{"line":129,"column":81}},"79":{"start":{"line":130,"column":10},"end":{"line":130,"column":52}},"80":{"start":{"line":135,"column":21},"end":{"line":135,"column":91}},"81":{"start":{"line":136,"column":10},"end":{"line":142,"column":11}},"82":{"start":{"line":137,"column":22},"end":{"line":137,"column":64}},"83":{"start":{"line":138,"column":12},"end":{"line":141,"column":15}},"84":{"start":{"line":139,"column":14},"end":{"line":139,"column":85}},"85":{"start":{"line":139,"column":29},"end":{"line":139,"column":85}},"86":{"start":{"line":140,"column":14},"end":{"line":140,"column":56}},"87":{"start":{"line":143,"column":10},"end":{"line":154,"column":11}},"88":{"start":{"line":149,"column":12},"end":{"line":153,"column":15}},"89":{"start":{"line":150,"column":14},"end":{"line":150,"column":87}},"90":{"start":{"line":150,"column":29},"end":{"line":150,"column":87}},"91":{"start":{"line":151,"column":14},"end":{"line":151,"column":56}},"92":{"start":{"line":152,"column":14},"end":{"line":152,"column":54}},"93":{"start":{"line":152,"column":29},"end":{"line":152,"column":54}},"94":{"start":{"line":158,"column":4},"end":{"line":182,"column":5}},"95":{"start":{"line":159,"column":6},"end":{"line":181,"column":7}},"96":{"start":{"line":160,"column":30},"end":{"line":160,"column":64}},"97":{"start":{"line":161,"column":18},"end":{"line":161,"column":55}},"98":{"start":{"line":162,"column":22},"end":{"line":162,"column":92}},"99":{"start":{"line":163,"column":20},"end":{"line":163,"column":46}},"100":{"start":{"line":164,"column":22},"end":{"line":164,"column":52}},"101":{"start":{"line":165,"column":8},"end":{"line":180,"column":9}},"102":{"start":{"line":166,"column":10},"end":{"line":171,"column":13}},"103":{"start":{"line":167,"column":24},"end":{"line":167,"column":62}},"104":{"start":{"line":168,"column":22},"end":{"line":168,"column":60}},"105":{"start":{"line":169,"column":12},"end":{"line":169,"column":59}},"106":{"start":{"line":169,"column":27},"end":{"line":169,"column":59}},"107":{"start":{"line":170,"column":12},"end":{"line":170,"column":54}},"108":{"start":{"line":173,"column":10},"end":{"line":179,"column":13}},"109":{"start":{"line":174,"column":24},"end":{"line":174,"column":62}},"110":{"start":{"line":175,"column":27},"end":{"line":175,"column":69}},"111":{"start":{"line":176,"column":12},"end":{"line":176,"column":59}},"112":{"start":{"line":176,"column":27},"end":{"line":176,"column":59}},"113":{"start":{"line":177,"column":12},"end":{"line":177,"column":58}},"114":{"start":{"line":178,"column":12},"end":{"line":178,"column":52}},"115":{"start":{"line":178,"column":27},"end":{"line":178,"column":52}},"116":{"start":{"line":186,"column":4},"end":{"line":238,"column":6}},"117":{"start":{"line":192,"column":14},"end":{"line":209,"column":null}},"118":{"start":{"line":197,"column":20},"end":{"line":207,"column":null}},"119":{"start":{"line":198,"column":22},"end":{"line":207,"column":null}},"120":{"start":{"line":203,"column":28},"end":{"line":206,"column":67}},"121":{"start":{"line":204,"column":30},"end":{"line":206,"column":67}},"122":{"start":{"line":211,"column":36},"end":{"line":211,"column":70}},"123":{"start":{"line":212,"column":43},"end":{"line":212,"column":78}},"124":{"start":{"line":216,"column":14},"end":{"line":223,"column":null}},"125":{"start":{"line":221,"column":20},"end":{"line":222,"column":118}},"126":{"start":{"line":222,"column":22},"end":{"line":222,"column":118}},"127":{"start":{"line":228,"column":14},"end":{"line":235,"column":null}},"128":{"start":{"line":233,"column":20},"end":{"line":234,"column":118}},"129":{"start":{"line":234,"column":22},"end":{"line":234,"column":118}},"130":{"start":{"line":14,"column":0},"end":{"line":14,"column":13}}},"fnMap":{"0":{"name":"(anonymous_0)","decl":{"start":{"line":10,"column":31},"end":{"line":10,"column":32}},"loc":{"start":{"line":10,"column":73},"end":{"line":12,"column":1}}},"1":{"name":"(anonymous_1)","decl":{"start":{"line":14,"column":0},"end":{"line":14,"column":13}},"loc":{"start":{"line":14,"column":0},"end":{"line":240,"column":1}}},"2":{"name":"(anonymous_2)","decl":{"start":{"line":21,"column":9},"end":{"line":21,"column":12}},"loc":{"start":{"line":21,"column":65},"end":{"line":71,"column":3}}},"3":{"name":"(anonymous_3)","decl":{"start":{"line":40,"column":8},"end":{"line":40,"column":9}},"loc":{"start":{"line":40,"column":26},"end":{"line":40,"column":115}}},"4":{"name":"(anonymous_4)","decl":{"start":{"line":56,"column":10},"end":{"line":56,"column":11}},"loc":{"start":{"line":57,"column":12},"end":{"line":60,"column":43}}},"5":{"name":"(anonymous_5)","decl":{"start":{"line":73,"column":9},"end":{"line":73,"column":16}},"loc":{"start":{"line":73,"column":63},"end":{"line":183,"column":3}}},"6":{"name":"(anonymous_6)","decl":{"start":{"line":79,"column":30},"end":{"line":79,"column":31}},"loc":{"start":{"line":79,"column":58},"end":{"line":90,"column":12}}},"7":{"name":"(anonymous_7)","decl":{"start":{"line":81,"column":12},"end":{"line":81,"column":15}},"loc":{"start":{"line":81,"column":17},"end":{"line":89,"column":13}}},"8":{"name":"(anonymous_8)","decl":{"start":{"line":84,"column":33},"end":{"line":84,"column":34}},"loc":{"start":{"line":84,"column":57},"end":{"line":87,"column":17}}},"9":{"name":"(anonymous_9)","decl":{"start":{"line":86,"column":53},"end":{"line":86,"column":56}},"loc":{"start":{"line":86,"column":59},"end":{"line":86,"column":98}}},"10":{"name":"(anonymous_10)","decl":{"start":{"line":98,"column":14},"end":{"line":98,"column":17}},"loc":{"start":{"line":98,"column":20},"end":{"line":98,"column":61}}},"11":{"name":"(anonymous_11)","decl":{"start":{"line":107,"column":30},"end":{"line":107,"column":31}},"loc":{"start":{"line":107,"column":74},"end":{"line":123,"column":5}}},"12":{"name":"(anonymous_12)","decl":{"start":{"line":110,"column":20},"end":{"line":110,"column":23}},"loc":{"start":{"line":110,"column":25},"end":{"line":119,"column":7}}},"13":{"name":"(anonymous_13)","decl":{"start":{"line":112,"column":25},"end":{"line":112,"column":26}},"loc":{"start":{"line":112,"column":35},"end":{"line":114,"column":9}}},"14":{"name":"(anonymous_14)","decl":{"start":{"line":138,"column":36},"end":{"line":138,"column":39}},"loc":{"start":{"line":138,"column":41},"end":{"line":141,"column":13}}},"15":{"name":"(anonymous_15)","decl":{"start":{"line":149,"column":46},"end":{"line":149,"column":49}},"loc":{"start":{"line":149,"column":51},"end":{"line":153,"column":13}}},"16":{"name":"(anonymous_16)","decl":{"start":{"line":166,"column":25},"end":{"line":166,"column":28}},"loc":{"start":{"line":166,"column":30},"end":{"line":171,"column":11}}},"17":{"name":"(anonymous_17)","decl":{"start":{"line":173,"column":25},"end":{"line":173,"column":28}},"loc":{"start":{"line":173,"column":30},"end":{"line":179,"column":11}}},"18":{"name":"(anonymous_18)","decl":{"start":{"line":185,"column":9},"end":{"line":185,"column":17}},"loc":{"start":{"line":185,"column":29},"end":{"line":239,"column":3}}},"19":{"name":"(anonymous_19)","decl":{"start":{"line":191,"column":12},"end":{"line":191,"column":13}},"loc":{"start":{"line":192,"column":14},"end":{"line":209,"column":null}}},"20":{"name":"(anonymous_20)","decl":{"start":{"line":196,"column":18},"end":{"line":196,"column":19}},"loc":{"start":{"line":197,"column":20},"end":{"line":207,"column":null}}},"21":{"name":"(anonymous_21)","decl":{"start":{"line":197,"column":20},"end":{"line":197,"column":21}},"loc":{"start":{"line":198,"column":22},"end":{"line":207,"column":null}}},"22":{"name":"(anonymous_22)","decl":{"start":{"line":202,"column":26},"end":{"line":202,"column":27}},"loc":{"start":{"line":203,"column":28},"end":{"line":206,"column":67}}},"23":{"name":"(anonymous_23)","decl":{"start":{"line":203,"column":28},"end":{"line":203,"column":29}},"loc":{"start":{"line":204,"column":30},"end":{"line":206,"column":67}}},"24":{"name":"(anonymous_24)","decl":{"start":{"line":211,"column":27},"end":{"line":211,"column":28}},"loc":{"start":{"line":211,"column":36},"end":{"line":211,"column":70}}},"25":{"name":"(anonymous_25)","decl":{"start":{"line":212,"column":34},"end":{"line":212,"column":35}},"loc":{"start":{"line":212,"column":43},"end":{"line":212,"column":78}}},"26":{"name":"(anonymous_26)","decl":{"start":{"line":215,"column":12},"end":{"line":215,"column":13}},"loc":{"start":{"line":216,"column":14},"end":{"line":223,"column":null}}},"27":{"name":"(anonymous_27)","decl":{"start":{"line":220,"column":18},"end":{"line":220,"column":19}},"loc":{"start":{"line":221,"column":20},"end":{"line":222,"column":118}}},"28":{"name":"(anonymous_28)","decl":{"start":{"line":221,"column":20},"end":{"line":221,"column":21}},"loc":{"start":{"line":222,"column":22},"end":{"line":222,"column":118}}},"29":{"name":"(anonymous_29)","decl":{"start":{"line":227,"column":12},"end":{"line":227,"column":13}},"loc":{"start":{"line":228,"column":14},"end":{"line":235,"column":null}}},"30":{"name":"(anonymous_30)","decl":{"start":{"line":232,"column":18},"end":{"line":232,"column":19}},"loc":{"start":{"line":233,"column":20},"end":{"line":234,"column":118}}},"31":{"name":"(anonymous_31)","decl":{"start":{"line":233,"column":20},"end":{"line":233,"column":21}},"loc":{"start":{"line":234,"column":22},"end":{"line":234,"column":118}}}},"branchMap":{"0":{"loc":{"start":{"line":24,"column":4},"end":{"line":70,"column":5}},"type":"if","locations":[{"start":{"line":24,"column":4},"end":{"line":70,"column":5}},{"start":{"line":38,"column":11},"end":{"line":70,"column":5}}]},"1":{"loc":{"start":{"line":25,"column":6},"end":{"line":37,"column":7}},"type":"if","locations":[{"start":{"line":25,"column":6},"end":{"line":37,"column":7}},{"start":{"line":29,"column":13},"end":{"line":37,"column":7}}]},"2":{"loc":{"start":{"line":26,"column":22},"end":{"line":26,"column":61}},"type":"binary-expr","locations":[{"start":{"line":26,"column":22},"end":{"line":26,"column":55}},{"start":{"line":26,"column":59},"end":{"line":26,"column":61}}]},"3":{"loc":{"start":{"line":31,"column":8},"end":{"line":36,"column":9}},"type":"if","locations":[{"start":{"line":31,"column":8},"end":{"line":36,"column":9}},{"start":{"line":32,"column":13},"end":{"line":36,"column":9}}]},"4":{"loc":{"start":{"line":38,"column":11},"end":{"line":70,"column":5}},"type":"if","locations":[{"start":{"line":38,"column":11},"end":{"line":70,"column":5}},{"start":{"line":51,"column":11},"end":{"line":70,"column":5}}]},"5":{"loc":{"start":{"line":40,"column":26},"end":{"line":40,"column":115}},"type":"binary-expr","locations":[{"start":{"line":40,"column":26},"end":{"line":40,"column":52}},{"start":{"line":40,"column":56},"end":{"line":40,"column":80}},{"start":{"line":40,"column":84},"end":{"line":40,"column":115}}]},"6":{"loc":{"start":{"line":42,"column":6},"end":{"line":45,"column":7}},"type":"if","locations":[{"start":{"line":42,"column":6},"end":{"line":45,"column":7}}]},"7":{"loc":{"start":{"line":42,"column":10},"end":{"line":42,"column":58}},"type":"binary-expr","locations":[{"start":{"line":42,"column":10},"end":{"line":42,"column":16}},{"start":{"line":42,"column":20},"end":{"line":42,"column":58}}]},"8":{"loc":{"start":{"line":46,"column":6},"end":{"line":50,"column":7}},"type":"if","locations":[{"start":{"line":46,"column":6},"end":{"line":50,"column":7}},{"start":{"line":48,"column":13},"end":{"line":50,"column":7}}]},"9":{"loc":{"start":{"line":51,"column":11},"end":{"line":70,"column":5}},"type":"if","locations":[{"start":{"line":51,"column":11},"end":{"line":70,"column":5}}]},"10":{"loc":{"start":{"line":52,"column":6},"end":{"line":69,"column":7}},"type":"if","locations":[{"start":{"line":52,"column":6},"end":{"line":69,"column":7}},{"start":{"line":54,"column":13},"end":{"line":69,"column":7}}]},"11":{"loc":{"start":{"line":57,"column":12},"end":{"line":60,"column":43}},"type":"binary-expr","locations":[{"start":{"line":57,"column":12},"end":{"line":57,"column":38}},{"start":{"line":58,"column":12},"end":{"line":58,"column":38}},{"start":{"line":59,"column":12},"end":{"line":59,"column":36}},{"start":{"line":60,"column":12},"end":{"line":60,"column":43}}]},"12":{"loc":{"start":{"line":62,"column":8},"end":{"line":68,"column":9}},"type":"if","locations":[{"start":{"line":62,"column":8},"end":{"line":68,"column":9}},{"start":{"line":64,"column":15},"end":{"line":68,"column":9}}]},"13":{"loc":{"start":{"line":62,"column":12},"end":{"line":62,"column":56}},"type":"binary-expr","locations":[{"start":{"line":62,"column":12},"end":{"line":62,"column":17}},{"start":{"line":62,"column":21},"end":{"line":62,"column":56}}]},"14":{"loc":{"start":{"line":75,"column":4},"end":{"line":103,"column":5}},"type":"if","locations":[{"start":{"line":75,"column":4},"end":{"line":103,"column":5}}]},"15":{"loc":{"start":{"line":76,"column":6},"end":{"line":102,"column":7}},"type":"if","locations":[{"start":{"line":76,"column":6},"end":{"line":102,"column":7}},{"start":{"line":92,"column":13},"end":{"line":102,"column":7}}]},"16":{"loc":{"start":{"line":104,"column":4},"end":{"line":106,"column":5}},"type":"if","locations":[{"start":{"line":104,"column":4},"end":{"line":106,"column":5}}]},"17":{"loc":{"start":{"line":111,"column":23},"end":{"line":111,"column":84}},"type":"cond-expr","locations":[{"start":{"line":111,"column":32},"end":{"line":111,"column":70}},{"start":{"line":111,"column":73},"end":{"line":111,"column":84}}]},"18":{"loc":{"start":{"line":116,"column":8},"end":{"line":118,"column":9}},"type":"if","locations":[{"start":{"line":116,"column":8},"end":{"line":118,"column":9}}]},"19":{"loc":{"start":{"line":120,"column":6},"end":{"line":122,"column":21}},"type":"if","locations":[{"start":{"line":120,"column":6},"end":{"line":122,"column":21}},{"start":{"line":122,"column":13},"end":{"line":122,"column":21}}]},"20":{"loc":{"start":{"line":125,"column":4},"end":{"line":157,"column":5}},"type":"if","locations":[{"start":{"line":125,"column":4},"end":{"line":157,"column":5}}]},"21":{"loc":{"start":{"line":127,"column":8},"end":{"line":155,"column":9}},"type":"if","locations":[{"start":{"line":127,"column":8},"end":{"line":155,"column":9}},{"start":{"line":131,"column":15},"end":{"line":155,"column":9}}]},"22":{"loc":{"start":{"line":127,"column":12},"end":{"line":127,"column":50}},"type":"binary-expr","locations":[{"start":{"line":127,"column":12},"end":{"line":127,"column":27}},{"start":{"line":127,"column":31},"end":{"line":127,"column":50}}]},"23":{"loc":{"start":{"line":129,"column":10},"end":{"line":129,"column":81}},"type":"if","locations":[{"start":{"line":129,"column":10},"end":{"line":129,"column":81}}]},"24":{"loc":{"start":{"line":136,"column":10},"end":{"line":142,"column":11}},"type":"if","locations":[{"start":{"line":136,"column":10},"end":{"line":142,"column":11}}]},"25":{"loc":{"start":{"line":139,"column":14},"end":{"line":139,"column":85}},"type":"if","locations":[{"start":{"line":139,"column":14},"end":{"line":139,"column":85}}]},"26":{"loc":{"start":{"line":143,"column":10},"end":{"line":154,"column":11}},"type":"if","locations":[{"start":{"line":143,"column":10},"end":{"line":154,"column":11}}]},"27":{"loc":{"start":{"line":144,"column":12},"end":{"line":147,"column":36}},"type":"binary-expr","locations":[{"start":{"line":144,"column":12},"end":{"line":144,"column":34}},{"start":{"line":145,"column":12},"end":{"line":145,"column":34}},{"start":{"line":146,"column":12},"end":{"line":146,"column":36}},{"start":{"line":147,"column":12},"end":{"line":147,"column":36}}]},"28":{"loc":{"start":{"line":150,"column":14},"end":{"line":150,"column":87}},"type":"if","locations":[{"start":{"line":150,"column":14},"end":{"line":150,"column":87}}]},"29":{"loc":{"start":{"line":152,"column":14},"end":{"line":152,"column":54}},"type":"if","locations":[{"start":{"line":152,"column":14},"end":{"line":152,"column":54}}]},"30":{"loc":{"start":{"line":158,"column":4},"end":{"line":182,"column":5}},"type":"if","locations":[{"start":{"line":158,"column":4},"end":{"line":182,"column":5}}]},"31":{"loc":{"start":{"line":162,"column":66},"end":{"line":162,"column":90}},"type":"cond-expr","locations":[{"start":{"line":162,"column":82},"end":{"line":162,"column":85}},{"start":{"line":162,"column":88},"end":{"line":162,"column":90}}]},"32":{"loc":{"start":{"line":165,"column":8},"end":{"line":180,"column":9}},"type":"if","locations":[{"start":{"line":165,"column":8},"end":{"line":180,"column":9}},{"start":{"line":172,"column":15},"end":{"line":180,"column":9}}]},"33":{"loc":{"start":{"line":169,"column":12},"end":{"line":169,"column":59}},"type":"if","locations":[{"start":{"line":169,"column":12},"end":{"line":169,"column":59}}]},"34":{"loc":{"start":{"line":176,"column":12},"end":{"line":176,"column":59}},"type":"if","locations":[{"start":{"line":176,"column":12},"end":{"line":176,"column":59}}]},"35":{"loc":{"start":{"line":178,"column":12},"end":{"line":178,"column":52}},"type":"if","locations":[{"start":{"line":178,"column":12},"end":{"line":178,"column":52}}]},"36":{"loc":{"start":{"line":189,"column":8},"end":{"line":209,"column":null}},"type":"cond-expr","locations":[{"start":{"line":190,"column":12},"end":{"line":190,"column":16}},{"start":{"line":191,"column":12},"end":{"line":209,"column":null}}]},"37":{"loc":{"start":{"line":205,"column":32},"end":{"line":205,"column":null}},"type":"cond-expr","locations":[{"start":{"line":205,"column":69},"end":{"line":205,"column":73}},{"start":{"line":205,"column":76},"end":{"line":205,"column":null}}]},"38":{"loc":{"start":{"line":211,"column":8},"end":{"line":211,"column":70}},"type":"cond-expr","locations":[{"start":{"line":211,"column":20},"end":{"line":211,"column":24}},{"start":{"line":211,"column":27},"end":{"line":211,"column":70}}]},"39":{"loc":{"start":{"line":212,"column":8},"end":{"line":212,"column":78}},"type":"cond-expr","locations":[{"start":{"line":212,"column":27},"end":{"line":212,"column":31}},{"start":{"line":212,"column":34},"end":{"line":212,"column":78}}]},"40":{"loc":{"start":{"line":213,"column":8},"end":{"line":223,"column":null}},"type":"cond-expr","locations":[{"start":{"line":214,"column":12},"end":{"line":214,"column":16}},{"start":{"line":215,"column":12},"end":{"line":223,"column":null}}]},"41":{"loc":{"start":{"line":222,"column":41},"end":{"line":222,"column":87}},"type":"cond-expr","locations":[{"start":{"line":222,"column":78},"end":{"line":222,"column":82}},{"start":{"line":222,"column":85},"end":{"line":222,"column":87}}]},"42":{"loc":{"start":{"line":225,"column":8},"end":{"line":235,"column":null}},"type":"cond-expr","locations":[{"start":{"line":226,"column":12},"end":{"line":226,"column":16}},{"start":{"line":227,"column":12},"end":{"line":235,"column":null}}]},"43":{"loc":{"start":{"line":234,"column":41},"end":{"line":234,"column":87}},"type":"cond-expr","locations":[{"start":{"line":234,"column":78},"end":{"line":234,"column":82}},{"start":{"line":234,"column":85},"end":{"line":234,"column":87}}]}},"s":{"0":6,"1":6,"2":6,"3":6,"4":6,"5":6,"6":78,"7":121,"8":121,"9":121,"10":121,"11":221,"12":221,"13":221,"14":126,"15":35,"16":35,"17":35,"18":91,"19":91,"20":38,"21":53,"22":53,"23":53,"24":95,"25":90,"26":45,"27":90,"28":59,"29":59,"30":90,"31":45,"32":45,"33":5,"34":5,"35":2,"36":3,"37":2,"38":3,"39":1,"40":2,"41":2,"42":2,"43":90,"44":90,"45":16,"46":3,"47":9,"48":9,"49":18,"50":18,"51":18,"52":13,"53":17,"54":17,"55":17,"56":17,"57":90,"58":7,"59":90,"60":151,"61":151,"62":151,"63":151,"64":151,"65":61,"66":151,"67":151,"68":53,"69":151,"70":61,"71":90,"72":90,"73":90,"74":52,"75":59,"76":7,"77":7,"78":7,"79":7,"80":52,"81":52,"82":38,"83":38,"84":38,"85":38,"86":38,"87":52,"88":28,"89":28,"90":28,"91":28,"92":28,"93":28,"94":90,"95":3,"96":4,"97":4,"98":4,"99":4,"100":4,"101":4,"102":2,"103":2,"104":2,"105":2,"106":0,"107":2,"108":2,"109":2,"110":2,"111":2,"112":1,"113":2,"114":2,"115":1,"116":0,"117":0,"118":0,"119":0,"120":0,"121":0,"122":0,"123":0,"124":0,"125":0,"126":0,"127":0,"128":0,"129":0,"130":6},"f":{"0":78,"1":121,"2":221,"3":45,"4":2,"5":90,"6":9,"7":9,"8":18,"9":18,"10":17,"11":151,"12":151,"13":61,"14":38,"15":28,"16":2,"17":2,"18":0,"19":0,"20":0,"21":0,"22":0,"23":0,"24":0,"25":0,"26":0,"27":0,"28":0,"29":0,"30":0,"31":0},"b":{"0":[126,95],"1":[35,91],"2":[35,26],"3":[38,53],"4":[90,5],"5":[45,41,31],"6":[59],"7":[90,31],"8":[45,45],"9":[5],"10":[2,3],"11":[2,1,1,1],"12":[1,2],"13":[3,1],"14":[16],"15":[3,13],"16":[7],"17":[61,90],"18":[53],"19":[61,90],"20":[52],"21":[7,52],"22":[59,45],"23":[7],"24":[38],"25":[38],"26":[28],"27":[52,39,24,24],"28":[28],"29":[28],"30":[3],"31":[2,2],"32":[2,2],"33":[0],"34":[1],"35":[1],"36":[0,0],"37":[0,0],"38":[0,0],"39":[0,0],"40":[0,0],"41":[0,0],"42":[0,0],"43":[0,0]}}
,"/home/runner/work/jit-router/jit-router/src/__bench__/routes.ts": {"path":"/home/runner/work/jit-router/jit-router/src/__bench__/routes.ts","statementMap":{"0":{"start":{"line":5,"column":13},"end":{"line":63,"column":2}},"1":{"start":{"line":65,"column":13},"end":{"line":113,"column":2}}},"fnMap":{},"branchMap":{},"s":{"0":1,"1":1},"f":{},"b":{}}
}
