TN:
SF:src/codegen.ts
FN:10,(anonymous_0)
FN:20,(anonymous_1)
FN:26,(anonymous_2)
FN:27,(anonymous_3)
FNF:4
FNH:3
FNDA:7,(anonymous_0)
FNDA:151,(anonymous_1)
FNDA:144,(anonymous_2)
FNDA:0,(anonymous_3)
DA:1,6
DA:2,6
DA:7,6
DA:11,7
DA:19,6
DA:21,151
DA:22,151
DA:23,151
DA:27,144
DA:28,144
LF:10
LH:10
BRDA:23,0,0,7
BRF:1
BRH:1
end_of_record
TN:
SF:src/router.ts
FN:16,(anonymous_0)
FN:18,(anonymous_1)
FN:23,(anonymous_2)
FN:27,(anonymous_3)
FN:37,(anonymous_4)
FN:39,(anonymous_5)
FN:45,(anonymous_6)
FN:49,(anonymous_7)
FN:53,(anonymous_8)
FN:53,(anonymous_9)
FN:55,(anonymous_10)
FN:56,(anonymous_11)
FN:56,(anonymous_12)
FN:63,(anonymous_13)
FN:64,(anonymous_14)
FN:70,(anonymous_15)
FN:77,(anonymous_16)
FN:84,(anonymous_17)
FN:84,(anonymous_18)
FN:91,(anonymous_19)
FN:123,(anonymous_20)
FN:125,(anonymous_21)
FN:131,(anonymous_22)
FN:137,(anonymous_23)
FNF:24
FNH:11
FNDA:7,(anonymous_0)
FNDA:81,(anonymous_1)
FNDA:0,(anonymous_2)
FNDA:7,(anonymous_3)
FNDA:7,(anonymous_4)
FNDA:0,(anonymous_5)
FNDA:0,(anonymous_6)
FNDA:0,(anonymous_7)
FNDA:0,(anonymous_8)
FNDA:0,(anonymous_9)
FNDA:0,(anonymous_10)
FNDA:0,(anonymous_11)
FNDA:0,(anonymous_12)
FNDA:93,(anonymous_13)
FNDA:2,(anonymous_14)
FNDA:93,(anonymous_15)
FNDA:0,(anonymous_16)
FNDA:0,(anonymous_17)
FNDA:0,(anonymous_18)
FNDA:94,(anonymous_19)
FNDA:94,(anonymous_20)
FNDA:12,(anonymous_21)
FNDA:0,(anonymous_22)
FNDA:93,(anonymous_23)
DA:1,6
DA:2,6
DA:4,6
DA:5,6
DA:6,6
DA:13,6
DA:14,7
DA:16,7
DA:19,81
DA:20,81
DA:24,0
DA:28,7
DA:29,7
DA:30,81
DA:31,82
DA:34,7
DA:38,7
DA:39,7
DA:40,7
DA:41,7
DA:42,7
DA:46,0
DA:50,0
DA:53,0
DA:55,0
DA:56,0
DA:62,6
DA:64,93
DA:65,93
DA:71,93
DA:72,93
DA:74,93
DA:78,0
DA:84,0
DA:90,6
DA:92,94
DA:93,94
DA:94,94
DA:95,94
DA:96,109
DA:97,109
DA:98,109
DA:99,109
DA:101,94
DA:102,94
DA:103,94
DA:104,94
DA:105,252
DA:106,252
DA:107,252
DA:108,109
DA:109,109
DA:110,109
DA:111,98
DA:112,98
DA:114,11
DA:117,143
DA:120,94
DA:123,94
DA:126,12
DA:127,31
DA:128,12
DA:132,0
DA:136,6
DA:138,93
DA:139,93
LF:66
LH:57
BRDA:16,0,0,6
BRDA:45,1,0,0
BRDA:64,2,0,92
BRDA:64,2,1,1
BRDA:77,3,0,0
BRDA:80,4,0,0
BRDA:80,4,1,0
BRDA:91,5,0,93
BRDA:95,6,0,94
BRDA:95,6,1,20
BRDA:97,7,0,103
BRDA:101,8,0,40
BRDA:106,9,0,252
BRDA:106,9,1,109
BRDA:107,10,0,109
BRDA:107,10,1,143
BRDA:109,11,0,0
BRDA:109,12,0,88
BRDA:109,13,0,98
BRDA:110,14,0,98
BRDA:110,14,1,11
BRDA:110,15,0,109
BRDA:110,15,1,12
BRDA:112,16,0,98
BRDA:112,16,1,90
BRDA:112,17,0,47
BRDA:112,17,1,43
BRDA:131,18,0,0
BRF:28
BRH:22
end_of_record
TN:
SF:src/steps.ts
FN:2,(anonymous_0)
FN:4,(anonymous_1)
FN:10,(anonymous_2)
FN:15,(anonymous_3)
FN:22,(anonymous_4)
FN:28,(anonymous_5)
FNF:6
FNH:6
FNDA:143,(anonymous_0)
FNDA:17,(anonymous_1)
FNDA:98,(anonymous_2)
FNDA:8,(anonymous_3)
FNDA:11,(anonymous_4)
FNDA:6,(anonymous_5)
DA:1,6
DA:2,143
DA:5,17
DA:9,6
DA:11,98
DA:12,98
DA:16,8
DA:17,8
DA:21,6
DA:23,11
DA:24,11
DA:25,11
DA:29,6
DA:30,6
DA:31,6
LF:15
LH:15
BRDA:16,0,0,0
BRDA:16,0,1,8
BRDA:29,1,0,6
BRDA:29,1,1,0
BRDA:29,2,0,6
BRDA:29,2,1,0
BRDA:30,3,0,1
BRDA:30,3,1,5
BRF:8
BRH:5
end_of_record
TN:
SF:src/tree.ts
FN:10,(anonymous_0)
FN:14,(anonymous_1)
FN:21,(anonymous_2)
FN:40,(anonymous_3)
FN:56,(anonymous_4)
FN:73,(anonymous_5)
FN:79,(anonymous_6)
FN:81,(anonymous_7)
FN:84,(anonymous_8)
FN:86,(anonymous_9)
FN:98,(anonymous_10)
FN:107,(anonymous_11)
FN:110,(anonymous_12)
FN:112,(anonymous_13)
FN:138,(anonymous_14)
FN:149,(anonymous_15)
FN:166,(anonymous_16)
FN:173,(anonymous_17)
FN:185,(anonymous_18)
FN:191,(anonymous_19)
FN:196,(anonymous_20)
FN:197,(anonymous_21)
FN:202,(anonymous_22)
FN:203,(anonymous_23)
FN:211,(anonymous_24)
FN:212,(anonymous_25)
FN:215,(anonymous_26)
FN:220,(anonymous_27)
FN:221,(anonymous_28)
FN:227,(anonymous_29)
FN:232,(anonymous_30)
FN:233,(anonymous_31)
FNF:32
FNH:18
FNDA:78,(anonymous_0)
FNDA:121,(anonymous_1)
FNDA:221,(anonymous_2)
FNDA:45,(anonymous_3)
FNDA:2,(anonymous_4)
FNDA:90,(anonymous_5)
FNDA:9,(anonymous_6)
FNDA:9,(anonymous_7)
FNDA:18,(anonymous_8)
FNDA:18,(anonymous_9)
FNDA:17,(anonymous_10)
FNDA:151,(anonymous_11)
FNDA:151,(anonymous_12)
FNDA:61,(anonymous_13)
FNDA:38,(anonymous_14)
FNDA:28,(anonymous_15)
FNDA:2,(anonymous_16)
FNDA:2,(anonymous_17)
FNDA:0,(anonymous_18)
FNDA:0,(anonymous_19)
FNDA:0,(anonymous_20)
FNDA:0,(anonymous_21)
FNDA:0,(anonymous_22)
FNDA:0,(anonymous_23)
FNDA:0,(anonymous_24)
FNDA:0,(anonymous_25)
FNDA:0,(anonymous_26)
FNDA:0,(anonymous_27)
FNDA:0,(anonymous_28)
FNDA:0,(anonymous_29)
FNDA:0,(anonymous_30)
FNDA:0,(anonymous_31)
DA:1,6
DA:2,6
DA:4,6
DA:7,6
DA:8,6
DA:10,6
DA:11,78
DA:14,6
DA:15,121
DA:16,121
DA:17,121
DA:18,121
DA:22,221
DA:23,221
DA:24,221
DA:25,126
DA:26,35
DA:27,35
DA:28,35
DA:30,91
DA:31,91
DA:33,53
DA:34,53
DA:35,53
DA:38,95
DA:39,90
DA:40,45
DA:42,90
DA:43,59
DA:44,59
DA:46,90
DA:47,45
DA:49,45
DA:51,5
DA:52,5
DA:53,2
DA:55,3
DA:57,2
DA:62,3
DA:63,1
DA:65,2
DA:66,2
DA:67,2
DA:74,90
DA:75,90
DA:76,16
DA:77,3
DA:79,9
DA:82,9
DA:85,18
DA:86,18
DA:93,13
DA:94,17
DA:95,17
DA:96,17
DA:98,17
DA:104,90
DA:105,7
DA:107,90
DA:108,151
DA:109,151
DA:110,151
DA:111,151
DA:112,151
DA:113,61
DA:115,151
DA:116,151
DA:117,53
DA:120,151
DA:121,61
DA:122,90
DA:124,90
DA:125,90
DA:126,52
DA:127,59
DA:128,7
DA:129,7
DA:130,7
DA:135,52
DA:136,52
DA:137,38
DA:138,38
DA:139,38
DA:140,38
DA:143,52
DA:149,28
DA:150,28
DA:151,28
DA:152,28
DA:158,90
DA:159,3
DA:160,4
DA:161,4
DA:162,4
DA:163,4
DA:164,4
DA:165,4
DA:166,2
DA:167,2
DA:168,2
DA:169,2
DA:170,2
DA:173,2
DA:174,2
DA:175,2
DA:176,2
DA:177,2
DA:178,2
DA:186,0
DA:192,0
DA:197,0
DA:198,0
DA:203,0
DA:204,0
DA:211,0
DA:212,0
DA:216,0
DA:221,0
DA:222,0
DA:228,0
DA:233,0
DA:234,0
LF:122
LH:108
BRDA:24,0,0,126
BRDA:24,0,1,95
BRDA:25,1,0,35
BRDA:25,1,1,91
BRDA:26,2,0,35
BRDA:26,2,1,26
BRDA:31,3,0,38
BRDA:31,3,1,53
BRDA:38,4,0,90
BRDA:38,4,1,5
BRDA:40,5,0,45
BRDA:40,5,1,41
BRDA:40,5,2,31
BRDA:42,6,0,59
BRDA:42,7,0,90
BRDA:42,7,1,31
BRDA:46,8,0,45
BRDA:46,8,1,45
BRDA:51,9,0,5
BRDA:52,10,0,2
BRDA:52,10,1,3
BRDA:57,11,0,2
BRDA:57,11,1,1
BRDA:57,11,2,1
BRDA:57,11,3,1
BRDA:62,12,0,1
BRDA:62,12,1,2
BRDA:62,13,0,3
BRDA:62,13,1,1
BRDA:75,14,0,16
BRDA:76,15,0,3
BRDA:76,15,1,13
BRDA:104,16,0,7
BRDA:111,17,0,61
BRDA:111,17,1,90
BRDA:116,18,0,53
BRDA:120,19,0,61
BRDA:120,19,1,90
BRDA:125,20,0,52
BRDA:127,21,0,7
BRDA:127,21,1,52
BRDA:127,22,0,59
BRDA:127,22,1,45
BRDA:129,23,0,7
BRDA:136,24,0,38
BRDA:139,25,0,38
BRDA:143,26,0,28
BRDA:144,27,0,52
BRDA:144,27,1,39
BRDA:144,27,2,24
BRDA:144,27,3,24
BRDA:150,28,0,28
BRDA:152,29,0,28
BRDA:158,30,0,3
BRDA:162,31,0,2
BRDA:162,31,1,2
BRDA:165,32,0,2
BRDA:165,32,1,2
BRDA:169,33,0,0
BRDA:176,34,0,1
BRDA:178,35,0,1
BRDA:189,36,0,0
BRDA:189,36,1,0
BRDA:205,37,0,0
BRDA:205,37,1,0
BRDA:211,38,0,0
BRDA:211,38,1,0
BRDA:212,39,0,0
BRDA:212,39,1,0
BRDA:213,40,0,0
BRDA:213,40,1,0
BRDA:222,41,0,0
BRDA:222,41,1,0
BRDA:225,42,0,0
BRDA:225,42,1,0
BRDA:234,43,0,0
BRDA:234,43,1,0
BRF:77
BRH:60
end_of_record
TN:
SF:src/__bench__/routes.ts
FNF:0
FNH:0
DA:5,1
DA:65,1
LF:2
LH:2
BRF:0
BRH:0
end_of_record
